<?xml version="1.0" encoding="UTF-8"?>
<!-- Generated by org.testng.reporters.JUnitReportReporter -->
<testsuite hostname="DESKTOP-VA0K6UF" failures="0" tests="3" name="training.testng.Annotations" time="0.017" errors="0" timestamp="2022-08-14T15:09:26 IST" skipped="0">
  <testcase classname="training.testng.Annotations" name="secondTest" time="0.006"/>
  <system-out/>
  <testcase classname="training.testng.Annotations" name="firstTest" time="0.007"/>
  <system-out/>
  <testcase classname="training.testng.Annotations" name="thirdTest" time="0.004"/>
  <system-out/>
</testsuite> <!-- training.testng.Annotations -->
