<?xml version="1.0" encoding="UTF-8"?>
<!-- Generated by org.testng.reporters.JUnitReportReporter -->
<testsuite hostname="DESKTOP-VA0K6UF" failures="0" tests="2" name="training.testng.TestPriorization" time="0.026" errors="0" timestamp="2022-08-14T15:09:26 IST" skipped="0">
  <testcase classname="training.testng.TestPriorization" name="createPatient" time="0.023"/>
  <system-out/>
  <testcase classname="training.testng.TestPriorization" name="updatePatient" time="0.003"/>
  <system-out/>
</testsuite> <!-- training.testng.TestPriorization -->
