<?xml version="1.0" encoding="UTF-8"?>
<!-- Generated by org.testng.reporters.JUnitReportReporter -->
<testsuite hostname="DESKTOP-VA0K6UF" failures="0" tests="2" name="training.testng.Annotations2" time="0.004" errors="0" timestamp="2022-08-14T15:09:26 IST" skipped="1">
  <testcase classname="training.testng.Annotations2" name="threeTest" time="0.004"/>
  <system-out/>
  <testcase classname="training.testng.Annotations2" name="twoTest">
    <skipped/>
  </testcase> <!-- twoTest -->
  <system-out/>
</testsuite> <!-- training.testng.Annotations2 -->
