<?xml version="1.0" encoding="UTF-8"?>
<!-- Generated by org.testng.reporters.JUnitReportReporter -->
<testsuite hostname="DESKTOP-VA0K6UF" failures="0" tests="1" name="training.testng.Annotations3" time="0.003" errors="0" timestamp="2022-08-14T15:09:26 IST" skipped="0">
  <testcase classname="training.testng.Annotations3" name="oneTest" time="0.003"/>
  <system-out/>
</testsuite> <!-- training.testng.Annotations3 -->
